2021-06-06 07:36:03.3242|0|INFO|Microsoft.Hosting.Lifetime|Application started. Press Ctrl+C to shut down. 
2021-06-06 07:36:03.4261|0|INFO|Microsoft.Hosting.Lifetime|Hosting environment: Development 
2021-06-06 07:36:03.4599|0|INFO|Microsoft.Hosting.Lifetime|Content root path: C:\Users\monik\Documents\GitHub\Pizza\OrderingAPizza 
2021-06-06 07:40:56.6204|0|INFO|Microsoft.Hosting.Lifetime|Application started. Press Ctrl+C to shut down. 
2021-06-06 07:40:56.6970|0|INFO|Microsoft.Hosting.Lifetime|Hosting environment: Development 
2021-06-06 07:40:56.8172|0|INFO|Microsoft.Hosting.Lifetime|Content root path: C:\Users\monik\Documents\GitHub\Pizza\OrderingAPizza 
2021-06-06 07:41:12.8320|0|INFO|OrderingAPizza.Controllers.PizzasController|We are in pizzas 
2021-06-06 07:45:13.4038|0|INFO|OrderingAPizza.Controllers.PizzasController|We are in pizzas 
2021-06-06 07:45:29.4400|0|INFO|OrderingAPizza.Controllers.PizzasController|We are in pizzas 
2021-06-06 11:15:25.3671|0|INFO|Microsoft.Hosting.Lifetime|Application started. Press Ctrl+C to shut down. 
2021-06-06 11:15:25.4929|0|INFO|Microsoft.Hosting.Lifetime|Hosting environment: Development 
2021-06-06 11:15:25.5379|0|INFO|Microsoft.Hosting.Lifetime|Content root path: C:\Users\monik\Documents\GitHub\Pizza\OrderingAPizza 
2021-06-06 11:15:52.5557|7|INFO|OrderingAPizza.Authentication.BasicAuthenticationHandler|BasicAuthentication was not authenticated. Failure message: Missing Authorization Header 
2021-06-06 11:15:52.5803|12|INFO|OrderingAPizza.Authentication.BasicAuthenticationHandler|AuthenticationScheme: BasicAuthentication was challenged. 
2021-06-06 11:16:47.8303|20102|ERROR|Microsoft.EntityFrameworkCore.Database.Command|Failed executing DbCommand (198ms) [Parameters=[@__Username_0='?' (Size = 4000)], CommandType='Text', CommandTimeout='30']
SELECT TOP(1) [u].[Id], [u].[FirstName], [u].[LastName], [u].[Password], [u].[Username]
FROM [Users] AS [u]
WHERE [u].[Username] = @__Username_0 
2021-06-06 11:16:48.2336|10100|ERROR|Microsoft.EntityFrameworkCore.Query|An exception occurred while iterating over the results of a query for context type 'OrderingAPizza.DataAccess.RestaurantStorageContext'.
Microsoft.Data.SqlClient.SqlException (0x80131904): Invalid object name 'Users'.
   at Microsoft.Data.SqlClient.SqlCommand.<>c.<ExecuteDbDataReaderAsync>b__169_0(Task`1 result)
   at System.Threading.Tasks.ContinuationResultTaskFromResultTask`2.InnerInvoke()
   at System.Threading.Tasks.Task.<>c.<.cctor>b__277_0(Object obj)
   at System.Threading.ExecutionContext.RunInternal(ExecutionContext executionContext, ContextCallback callback, Object state)
--- End of stack trace from previous location ---
   at System.Threading.ExecutionContext.RunInternal(ExecutionContext executionContext, ContextCallback callback, Object state)
   at System.Threading.Tasks.Task.ExecuteWithThreadLocal(Task& currentTaskSlot, Thread threadPoolThread)
--- End of stack trace from previous location ---
   at Microsoft.EntityFrameworkCore.Storage.RelationalCommand.ExecuteReaderAsync(RelationalCommandParameterObject parameterObject, CancellationToken cancellationToken)
   at Microsoft.EntityFrameworkCore.Storage.RelationalCommand.ExecuteReaderAsync(RelationalCommandParameterObject parameterObject, CancellationToken cancellationToken)
   at Microsoft.EntityFrameworkCore.Query.Internal.SingleQueryingEnumerable`1.AsyncEnumerator.InitializeReaderAsync(DbContext _, Boolean result, CancellationToken cancellationToken)
   at Microsoft.EntityFrameworkCore.SqlServer.Storage.Internal.SqlServerExecutionStrategy.ExecuteAsync[TState,TResult](TState state, Func`4 operation, Func`4 verifySucceeded, CancellationToken cancellationToken)
   at Microsoft.EntityFrameworkCore.Query.Internal.SingleQueryingEnumerable`1.AsyncEnumerator.MoveNextAsync()
ClientConnectionId:faa9e6fa-cad7-4f65-a7f6-3ccfa8d37a96
Error Number:208,State:1,Class:16 Microsoft.Data.SqlClient.SqlException (0x80131904): Invalid object name 'Users'.
   at Microsoft.Data.SqlClient.SqlCommand.<>c.<ExecuteDbDataReaderAsync>b__169_0(Task`1 result)
   at System.Threading.Tasks.ContinuationResultTaskFromResultTask`2.InnerInvoke()
   at System.Threading.Tasks.Task.<>c.<.cctor>b__277_0(Object obj)
   at System.Threading.ExecutionContext.RunInternal(ExecutionContext executionContext, ContextCallback callback, Object state)
--- End of stack trace from previous location ---
   at System.Threading.ExecutionContext.RunInternal(ExecutionContext executionContext, ContextCallback callback, Object state)
   at System.Threading.Tasks.Task.ExecuteWithThreadLocal(Task& currentTaskSlot, Thread threadPoolThread)
--- End of stack trace from previous location ---
   at Microsoft.EntityFrameworkCore.Storage.RelationalCommand.ExecuteReaderAsync(RelationalCommandParameterObject parameterObject, CancellationToken cancellationToken)
   at Microsoft.EntityFrameworkCore.Storage.RelationalCommand.ExecuteReaderAsync(RelationalCommandParameterObject parameterObject, CancellationToken cancellationToken)
   at Microsoft.EntityFrameworkCore.Query.Internal.SingleQueryingEnumerable`1.AsyncEnumerator.InitializeReaderAsync(DbContext _, Boolean result, CancellationToken cancellationToken)
   at Microsoft.EntityFrameworkCore.SqlServer.Storage.Internal.SqlServerExecutionStrategy.ExecuteAsync[TState,TResult](TState state, Func`4 operation, Func`4 verifySucceeded, CancellationToken cancellationToken)
   at Microsoft.EntityFrameworkCore.Query.Internal.SingleQueryingEnumerable`1.AsyncEnumerator.MoveNextAsync()
ClientConnectionId:faa9e6fa-cad7-4f65-a7f6-3ccfa8d37a96
Error Number:208,State:1,Class:16
2021-06-06 11:16:48.5000|7|INFO|OrderingAPizza.Authentication.BasicAuthenticationHandler|BasicAuthentication was not authenticated. Failure message: Invalid Authorization Header 
2021-06-06 11:16:48.5153|12|INFO|OrderingAPizza.Authentication.BasicAuthenticationHandler|AuthenticationScheme: BasicAuthentication was challenged. 
2021-06-06 11:22:08.3395|0|INFO|Microsoft.Hosting.Lifetime|Application started. Press Ctrl+C to shut down. 
2021-06-06 11:22:08.4460|0|INFO|Microsoft.Hosting.Lifetime|Hosting environment: Development 
2021-06-06 11:22:08.4603|0|INFO|Microsoft.Hosting.Lifetime|Content root path: C:\Users\monik\Documents\GitHub\Pizza\OrderingAPizza 
2021-06-06 11:22:22.5825|7|INFO|OrderingAPizza.Authentication.BasicAuthenticationHandler|BasicAuthentication was not authenticated. Failure message: Missing Authorization Header 
2021-06-06 11:22:22.6166|12|INFO|OrderingAPizza.Authentication.BasicAuthenticationHandler|AuthenticationScheme: BasicAuthentication was challenged. 
2021-06-06 11:22:41.1252|7|INFO|OrderingAPizza.Authentication.BasicAuthenticationHandler|BasicAuthentication was not authenticated. Failure message: Invalid Authorization Header 
2021-06-06 11:22:41.1320|12|INFO|OrderingAPizza.Authentication.BasicAuthenticationHandler|AuthenticationScheme: BasicAuthentication was challenged. 
2021-06-06 11:23:25.2291|7|INFO|OrderingAPizza.Authentication.BasicAuthenticationHandler|BasicAuthentication was not authenticated. Failure message: Invalid Authorization Header 
2021-06-06 11:23:41.4614|7|INFO|OrderingAPizza.Authentication.BasicAuthenticationHandler|BasicAuthentication was not authenticated. Failure message: Invalid Authorization Header 
2021-06-06 11:24:10.2292|7|INFO|OrderingAPizza.Authentication.BasicAuthenticationHandler|BasicAuthentication was not authenticated. Failure message: Invalid Authorization Header 
2021-06-06 11:24:10.2429|12|INFO|OrderingAPizza.Authentication.BasicAuthenticationHandler|AuthenticationScheme: BasicAuthentication was challenged. 
2021-06-06 11:24:44.5814|7|INFO|OrderingAPizza.Authentication.BasicAuthenticationHandler|BasicAuthentication was not authenticated. Failure message: Invalid Authorization Header 
2021-06-06 11:24:44.5814|12|INFO|OrderingAPizza.Authentication.BasicAuthenticationHandler|AuthenticationScheme: BasicAuthentication was challenged. 
2021-06-06 11:25:14.7402|7|INFO|OrderingAPizza.Authentication.BasicAuthenticationHandler|BasicAuthentication was not authenticated. Failure message: Invalid Authorization Header 
2021-06-06 11:25:14.7402|12|INFO|OrderingAPizza.Authentication.BasicAuthenticationHandler|AuthenticationScheme: BasicAuthentication was challenged. 
2021-06-06 11:26:25.0895|1|ERROR|Microsoft.AspNetCore.Diagnostics.DeveloperExceptionPageMiddleware|An unhandled exception has occurred while executing the request. System.InvalidOperationException: Handler was not found for request of type MediatR.IRequestHandler`2[OrderingAPizza.ApplicationServices.API.Domain.GetUsersRequest,OrderingAPizza.ApplicationServices.API.Domain.GetUsersResposne]. Register your handlers with the container. See the samples in GitHub for examples.
   at MediatR.Internal.RequestHandlerBase.GetHandler[THandler](ServiceFactory factory)
   at MediatR.Internal.RequestHandlerWrapperImpl`2.<>c__DisplayClass1_0.<Handle>g__Handler|0()
   at MediatR.Pipeline.RequestExceptionProcessorBehavior`2.Handle(TRequest request, CancellationToken cancellationToken, RequestHandlerDelegate`1 next)
   at MediatR.Pipeline.RequestExceptionProcessorBehavior`2.Handle(TRequest request, CancellationToken cancellationToken, RequestHandlerDelegate`1 next)
   at MediatR.Pipeline.RequestExceptionActionProcessorBehavior`2.Handle(TRequest request, CancellationToken cancellationToken, RequestHandlerDelegate`1 next)
   at MediatR.Pipeline.RequestExceptionActionProcessorBehavior`2.Handle(TRequest request, CancellationToken cancellationToken, RequestHandlerDelegate`1 next)
   at MediatR.Pipeline.RequestPostProcessorBehavior`2.Handle(TRequest request, CancellationToken cancellationToken, RequestHandlerDelegate`1 next)
   at MediatR.Pipeline.RequestPreProcessorBehavior`2.Handle(TRequest request, CancellationToken cancellationToken, RequestHandlerDelegate`1 next)
   at OrderingAPizza.Controllers.APIControllerBase.HandleRequest[TRequest,TResponse](TRequest request) in C:\Users\monik\Documents\GitHub\Pizza\OrderingAPizza\Controllers\APIControllerBase.cs:line 34
   at Microsoft.AspNetCore.Mvc.Infrastructure.ActionMethodExecutor.TaskOfIActionResultExecutor.Execute(IActionResultTypeMapper mapper, ObjectMethodExecutor executor, Object controller, Object[] arguments)
   at Microsoft.AspNetCore.Mvc.Infrastructure.ControllerActionInvoker.<InvokeActionMethodAsync>g__Awaited|12_0(ControllerActionInvoker invoker, ValueTask`1 actionResultValueTask)
   at Microsoft.AspNetCore.Mvc.Infrastructure.ControllerActionInvoker.<InvokeNextActionFilterAsync>g__Awaited|10_0(ControllerActionInvoker invoker, Task lastTask, State next, Scope scope, Object state, Boolean isCompleted)
   at Microsoft.AspNetCore.Mvc.Infrastructure.ControllerActionInvoker.Rethrow(ActionExecutedContextSealed context)
   at Microsoft.AspNetCore.Mvc.Infrastructure.ControllerActionInvoker.Next(State& next, Scope& scope, Object& state, Boolean& isCompleted)
   at Microsoft.AspNetCore.Mvc.Infrastructure.ControllerActionInvoker.InvokeInnerFilterAsync()
--- End of stack trace from previous location ---
   at Microsoft.AspNetCore.Mvc.Infrastructure.ResourceInvoker.<InvokeFilterPipelineAsync>g__Awaited|19_0(ResourceInvoker invoker, Task lastTask, State next, Scope scope, Object state, Boolean isCompleted)
   at Microsoft.AspNetCore.Mvc.Infrastructure.ResourceInvoker.<InvokeAsync>g__Awaited|17_0(ResourceInvoker invoker, Task task, IDisposable scope)
   at Microsoft.AspNetCore.Routing.EndpointMiddleware.<Invoke>g__AwaitRequestTask|6_0(Endpoint endpoint, Task requestTask, ILogger logger)
   at Microsoft.AspNetCore.Authorization.Policy.AuthorizationMiddlewareResultHandler.HandleAsync(RequestDelegate next, HttpContext context, AuthorizationPolicy policy, PolicyAuthorizationResult authorizeResult)
   at Microsoft.AspNetCore.Authorization.AuthorizationMiddleware.Invoke(HttpContext context)
   at Microsoft.AspNetCore.Authentication.AuthenticationMiddleware.Invoke(HttpContext context)
   at Swashbuckle.AspNetCore.SwaggerUI.SwaggerUIMiddleware.Invoke(HttpContext httpContext)
   at Swashbuckle.AspNetCore.Swagger.SwaggerMiddleware.Invoke(HttpContext httpContext, ISwaggerProvider swaggerProvider)
   at Microsoft.AspNetCore.Diagnostics.DeveloperExceptionPageMiddleware.Invoke(HttpContext context)
2021-06-06 11:33:48.4098|0|INFO|Microsoft.Hosting.Lifetime|Application started. Press Ctrl+C to shut down. 
2021-06-06 11:33:48.5023|0|INFO|Microsoft.Hosting.Lifetime|Hosting environment: Development 
2021-06-06 11:33:48.5419|0|INFO|Microsoft.Hosting.Lifetime|Content root path: C:\Users\monik\Documents\GitHub\Pizza\OrderingAPizza 
2021-06-06 11:34:24.9152|1|ERROR|Microsoft.AspNetCore.Diagnostics.DeveloperExceptionPageMiddleware|An unhandled exception has occurred while executing the request. System.InvalidOperationException: Handler was not found for request of type MediatR.IRequestHandler`2[OrderingAPizza.ApplicationServices.API.Domain.GetUsersRequest,OrderingAPizza.ApplicationServices.API.Domain.GetUsersResposne]. Register your handlers with the container. See the samples in GitHub for examples.
   at MediatR.Internal.RequestHandlerBase.GetHandler[THandler](ServiceFactory factory)
   at MediatR.Internal.RequestHandlerWrapperImpl`2.<>c__DisplayClass1_0.<Handle>g__Handler|0()
   at MediatR.Pipeline.RequestExceptionProcessorBehavior`2.Handle(TRequest request, CancellationToken cancellationToken, RequestHandlerDelegate`1 next)
   at MediatR.Pipeline.RequestExceptionProcessorBehavior`2.Handle(TRequest request, CancellationToken cancellationToken, RequestHandlerDelegate`1 next)
   at MediatR.Pipeline.RequestExceptionActionProcessorBehavior`2.Handle(TRequest request, CancellationToken cancellationToken, RequestHandlerDelegate`1 next)
   at MediatR.Pipeline.RequestExceptionActionProcessorBehavior`2.Handle(TRequest request, CancellationToken cancellationToken, RequestHandlerDelegate`1 next)
   at MediatR.Pipeline.RequestPostProcessorBehavior`2.Handle(TRequest request, CancellationToken cancellationToken, RequestHandlerDelegate`1 next)
   at MediatR.Pipeline.RequestPreProcessorBehavior`2.Handle(TRequest request, CancellationToken cancellationToken, RequestHandlerDelegate`1 next)
   at OrderingAPizza.Controllers.APIControllerBase.HandleRequest[TRequest,TResponse](TRequest request) in C:\Users\monik\Documents\GitHub\Pizza\OrderingAPizza\Controllers\APIControllerBase.cs:line 34
   at Microsoft.AspNetCore.Mvc.Infrastructure.ActionMethodExecutor.TaskOfIActionResultExecutor.Execute(IActionResultTypeMapper mapper, ObjectMethodExecutor executor, Object controller, Object[] arguments)
   at Microsoft.AspNetCore.Mvc.Infrastructure.ControllerActionInvoker.<InvokeActionMethodAsync>g__Awaited|12_0(ControllerActionInvoker invoker, ValueTask`1 actionResultValueTask)
   at Microsoft.AspNetCore.Mvc.Infrastructure.ControllerActionInvoker.<InvokeNextActionFilterAsync>g__Awaited|10_0(ControllerActionInvoker invoker, Task lastTask, State next, Scope scope, Object state, Boolean isCompleted)
   at Microsoft.AspNetCore.Mvc.Infrastructure.ControllerActionInvoker.Rethrow(ActionExecutedContextSealed context)
   at Microsoft.AspNetCore.Mvc.Infrastructure.ControllerActionInvoker.Next(State& next, Scope& scope, Object& state, Boolean& isCompleted)
   at Microsoft.AspNetCore.Mvc.Infrastructure.ControllerActionInvoker.InvokeInnerFilterAsync()
--- End of stack trace from previous location ---
   at Microsoft.AspNetCore.Mvc.Infrastructure.ResourceInvoker.<InvokeFilterPipelineAsync>g__Awaited|19_0(ResourceInvoker invoker, Task lastTask, State next, Scope scope, Object state, Boolean isCompleted)
   at Microsoft.AspNetCore.Mvc.Infrastructure.ResourceInvoker.<InvokeAsync>g__Awaited|17_0(ResourceInvoker invoker, Task task, IDisposable scope)
   at Microsoft.AspNetCore.Routing.EndpointMiddleware.<Invoke>g__AwaitRequestTask|6_0(Endpoint endpoint, Task requestTask, ILogger logger)
   at Microsoft.AspNetCore.Authorization.Policy.AuthorizationMiddlewareResultHandler.HandleAsync(RequestDelegate next, HttpContext context, AuthorizationPolicy policy, PolicyAuthorizationResult authorizeResult)
   at Microsoft.AspNetCore.Authorization.AuthorizationMiddleware.Invoke(HttpContext context)
   at Microsoft.AspNetCore.Authentication.AuthenticationMiddleware.Invoke(HttpContext context)
   at Swashbuckle.AspNetCore.SwaggerUI.SwaggerUIMiddleware.Invoke(HttpContext httpContext)
   at Swashbuckle.AspNetCore.Swagger.SwaggerMiddleware.Invoke(HttpContext httpContext, ISwaggerProvider swaggerProvider)
   at Microsoft.AspNetCore.Diagnostics.DeveloperExceptionPageMiddleware.Invoke(HttpContext context)
2021-06-06 12:04:18.0947|0|INFO|Microsoft.Hosting.Lifetime|Application started. Press Ctrl+C to shut down. 
2021-06-06 12:04:18.2266|0|INFO|Microsoft.Hosting.Lifetime|Hosting environment: Development 
2021-06-06 12:04:18.2894|0|INFO|Microsoft.Hosting.Lifetime|Content root path: C:\Users\monik\Documents\GitHub\Pizza\OrderingAPizza 
2021-06-06 12:06:36.9699|7|INFO|OrderingAPizza.Authentication.BasicAuthenticationHandler|BasicAuthentication was not authenticated. Failure message: Invalid Authorization Header 
2021-06-06 12:06:37.0040|12|INFO|OrderingAPizza.Authentication.BasicAuthenticationHandler|AuthenticationScheme: BasicAuthentication was challenged. 
2021-06-06 12:40:55.6311|0|INFO|Microsoft.Hosting.Lifetime|Application started. Press Ctrl+C to shut down. 
2021-06-06 12:40:55.7662|0|INFO|Microsoft.Hosting.Lifetime|Hosting environment: Development 
2021-06-06 12:40:55.7943|0|INFO|Microsoft.Hosting.Lifetime|Content root path: C:\Users\monik\Documents\GitHub\Pizza\OrderingAPizza 
2021-06-06 12:49:09.2689|0|INFO|Microsoft.Hosting.Lifetime|Application started. Press Ctrl+C to shut down. 
2021-06-06 12:49:09.3945|0|INFO|Microsoft.Hosting.Lifetime|Hosting environment: Development 
2021-06-06 12:49:09.4907|0|INFO|Microsoft.Hosting.Lifetime|Content root path: C:\Users\monik\Documents\GitHub\Pizza\OrderingAPizza 
